d:\mge-vlad-rutger\mge\mge\debug\vc140.pdb
d:\mge-vlad-rutger\mge\mge\debug\vc140.idb
d:\mge-vlad-rutger\mge\mge\debug\timer.obj
d:\mge-vlad-rutger\mge\mge\debug\world.obj
d:\mge-vlad-rutger\mge\mge\debug\luamanager.obj
d:\mge-vlad-rutger\mge\mge\debug\abstractmaterial.obj
d:\mge-vlad-rutger\mge\mge\debug\colormaterial.obj
d:\mge-vlad-rutger\mge\mge\debug\fraglitcolormaterial.obj
d:\mge-vlad-rutger\mge\mge\debug\pointlightattenuationmaterial.obj
d:\mge-vlad-rutger\mge\mge\debug\pointlightmaterial.obj
d:\mge-vlad-rutger\mge\mge\debug\spotlightmaterial.obj
d:\mge-vlad-rutger\mge\mge\debug\terrainmaterial.obj
d:\mge-vlad-rutger\mge\mge\debug\texturelitmaterial.obj
d:\mge-vlad-rutger\mge\mge\debug\texturematerial.obj
d:\mge-vlad-rutger\mge\mge\debug\texturenormalmaterial.obj
d:\mge-vlad-rutger\mge\mge\debug\vertexlitcolormaterial.obj
d:\mge-vlad-rutger\mge\mge\debug\wobblymaterial.obj
d:\mge-vlad-rutger\mge\mge\debug\mgedemo.obj
d:\mge-vlad-rutger\mge\mge\debug\color.obj
d:\mge-vlad-rutger\mge\mge\debug\debughud.obj
d:\mge-vlad-rutger\mge\mge\debug\pugixml.obj
d:\mge-vlad-rutger\mge\mge\debug\xmlreader.obj
d:\mge-vlad-rutger\mge\mge\debug\abstractgame.obj
d:\mge-vlad-rutger\mge\mge\debug\camera.obj
d:\mge-vlad-rutger\mge\mge\debug\boxcollider.obj
d:\mge-vlad-rutger\mge\mge\debug\collider.obj
d:\mge-vlad-rutger\mge\mge\debug\collisionmanager.obj
d:\mge-vlad-rutger\mge\mge\debug\physicsmanager.obj
d:\mge-vlad-rutger\mge\mge\debug\rigidbody.obj
d:\mge-vlad-rutger\mge\mge\debug\spherecollider.obj
d:\mge-vlad-rutger\mge\mge\debug\fps.obj
d:\mge-vlad-rutger\mge\mge\debug\gameobject.obj
d:\mge-vlad-rutger\mge\mge\debug\directionallight.obj
d:\mge-vlad-rutger\mge\mge\debug\light.obj
d:\mge-vlad-rutger\mge\mge\debug\pointlight.obj
d:\mge-vlad-rutger\mge\mge\debug\spotlight.obj
d:\mge-vlad-rutger\mge\mge\debug\mesh.obj
d:\mge-vlad-rutger\mge\mge\debug\objectpicker.obj
d:\mge-vlad-rutger\mge\mge\debug\renderer.obj
d:\mge-vlad-rutger\mge\mge\debug\shaderprogram.obj
d:\mge-vlad-rutger\mge\mge\debug\sound.obj
d:\mge-vlad-rutger\mge\mge\debug\texture.obj
d:\mge-vlad-rutger\mge\mge\debug\main.obj
d:\mge-vlad-rutger\mge\mge\debug\abstractbehaviour.obj
d:\mge-vlad-rutger\mge\mge\debug\boxbehaviour.obj
d:\mge-vlad-rutger\mge\mge\debug\doorbehaviour.obj
d:\mge-vlad-rutger\mge\mge\debug\fpcamera.obj
d:\mge-vlad-rutger\mge\mge\debug\fpcontroller.obj
d:\mge-vlad-rutger\mge\mge\debug\keysbehaviour.obj
d:\mge-vlad-rutger\mge\mge\debug\keysbehaviour2.obj
d:\mge-vlad-rutger\mge\mge\debug\lookat.obj
d:\mge-vlad-rutger\mge\mge\debug\orbit.obj
d:\mge-vlad-rutger\mge\mge\debug\rotatingbehaviour.obj
d:\mge-vlad-rutger\mge\mge\debug\triggerbehaviour.obj
d:\mge-vlad-rutger\mge\debug\mge.pdb
d:\mge-vlad-rutger\mge\mge\debug\mge.tlog\cl.command.1.tlog
d:\mge-vlad-rutger\mge\mge\debug\mge.tlog\cl.read.1.tlog
d:\mge-vlad-rutger\mge\mge\debug\mge.tlog\cl.write.1.tlog
d:\mge-vlad-rutger\mge\mge\debug\mge.tlog\link-cvtres.read.1.tlog
d:\mge-vlad-rutger\mge\mge\debug\mge.tlog\link-cvtres.write.1.tlog
d:\mge-vlad-rutger\mge\mge\debug\mge.tlog\link-rc.read.1.tlog
d:\mge-vlad-rutger\mge\mge\debug\mge.tlog\link-rc.write.1.tlog
d:\mge-vlad-rutger\mge\mge\debug\mge.tlog\link.13432-cvtres.read.1.tlog
d:\mge-vlad-rutger\mge\mge\debug\mge.tlog\link.13432-cvtres.write.1.tlog
d:\mge-vlad-rutger\mge\mge\debug\mge.tlog\link.13432-rc.read.1.tlog
d:\mge-vlad-rutger\mge\mge\debug\mge.tlog\link.13432-rc.write.1.tlog
d:\mge-vlad-rutger\mge\mge\debug\mge.tlog\link.13432.read.1.tlog
d:\mge-vlad-rutger\mge\mge\debug\mge.tlog\link.13432.write.1.tlog
d:\mge-vlad-rutger\mge\mge\debug\mge.tlog\link.command.1.tlog
d:\mge-vlad-rutger\mge\mge\debug\mge.tlog\link.read.1.tlog
d:\mge-vlad-rutger\mge\mge\debug\mge.tlog\link.write.1.tlog
