d:\mge-vlad-rutger\mge\mge\release\vc140.pdb
d:\mge-vlad-rutger\mge\mge\release\spherecollider.obj
d:\mge-vlad-rutger\mge\mge\release\rigidbody.obj
d:\mge-vlad-rutger\mge\mge\release\physicsmanager.obj
d:\mge-vlad-rutger\mge\mge\release\collisionmanager.obj
d:\mge-vlad-rutger\mge\mge\release\collider.obj
d:\mge-vlad-rutger\mge\mge\release\boxcollider.obj
d:\mge-vlad-rutger\mge\mge\release\camera.obj
d:\mge-vlad-rutger\mge\mge\release\abstractgame.obj
d:\mge-vlad-rutger\mge\mge\release\triggerbehaviour.obj
d:\mge-vlad-rutger\mge\mge\release\rotatingbehaviour.obj
d:\mge-vlad-rutger\mge\mge\release\orbit.obj
d:\mge-vlad-rutger\mge\mge\release\lookat.obj
d:\mge-vlad-rutger\mge\mge\release\keysbehaviour2.obj
d:\mge-vlad-rutger\mge\mge\release\keysbehaviour.obj
d:\mge-vlad-rutger\mge\mge\release\fpcontroller.obj
d:\mge-vlad-rutger\mge\mge\release\fpcamera.obj
d:\mge-vlad-rutger\mge\mge\release\doorbehaviour.obj
d:\mge-vlad-rutger\mge\mge\release\boxbehaviour.obj
d:\mge-vlad-rutger\mge\mge\release\abstractbehaviour.obj
d:\mge-vlad-rutger\mge\mge\release\main.obj
d:\mge-vlad-rutger\mge\mge\release\pointlightmaterial.obj
d:\mge-vlad-rutger\mge\mge\release\pointlightattenuationmaterial.obj
d:\mge-vlad-rutger\mge\mge\release\fraglitcolormaterial.obj
d:\mge-vlad-rutger\mge\mge\release\colormaterial.obj
d:\mge-vlad-rutger\mge\mge\release\abstractmaterial.obj
d:\mge-vlad-rutger\mge\mge\release\luamanager.obj
d:\mge-vlad-rutger\mge\mge\release\world.obj
d:\mge-vlad-rutger\mge\mge\release\timer.obj
d:\mge-vlad-rutger\mge\mge\release\texture.obj
d:\mge-vlad-rutger\mge\mge\release\sound.obj
d:\mge-vlad-rutger\mge\mge\release\shaderprogram.obj
d:\mge-vlad-rutger\mge\mge\release\renderer.obj
d:\mge-vlad-rutger\mge\mge\release\objectpicker.obj
d:\mge-vlad-rutger\mge\mge\release\spotlight.obj
d:\mge-vlad-rutger\mge\mge\release\pointlight.obj
d:\mge-vlad-rutger\mge\mge\release\light.obj
d:\mge-vlad-rutger\mge\mge\release\directionallight.obj
d:\mge-vlad-rutger\mge\mge\release\gameobject.obj
d:\mge-vlad-rutger\mge\mge\release\fps.obj
d:\mge-vlad-rutger\mge\mge\release\xmlreader.obj
d:\mge-vlad-rutger\mge\mge\release\pugixml.obj
d:\mge-vlad-rutger\mge\mge\release\debughud.obj
d:\mge-vlad-rutger\mge\mge\release\color.obj
d:\mge-vlad-rutger\mge\mge\release\mgedemo.obj
d:\mge-vlad-rutger\mge\mge\release\wobblymaterial.obj
d:\mge-vlad-rutger\mge\mge\release\vertexlitcolormaterial.obj
d:\mge-vlad-rutger\mge\mge\release\texturenormalmaterial.obj
d:\mge-vlad-rutger\mge\mge\release\texturematerial.obj
d:\mge-vlad-rutger\mge\mge\release\texturelitmaterial.obj
d:\mge-vlad-rutger\mge\mge\release\terrainmaterial.obj
d:\mge-vlad-rutger\mge\mge\release\spotlightmaterial.obj
d:\mge-vlad-rutger\mge\mge\release\mge.tlog\cl.command.1.tlog
d:\mge-vlad-rutger\mge\mge\release\mge.tlog\cl.read.1.tlog
d:\mge-vlad-rutger\mge\mge\release\mge.tlog\cl.write.1.tlog
