c:\users\shend\documents\mge-2016\tokamak_release\tokamaksrc\tmp\debug\tokamak.bsc
c:\users\shend\documents\mge-2016\tokamak_release\tokamaksrc\tmp\debug\tokamak.pdb
c:\users\shend\documents\mge-2016\tokamak_release\tokamaksrc\tmp\debug\boxcylinder.sbr
c:\users\shend\documents\mge-2016\tokamak_release\tokamaksrc\tmp\debug\collision.sbr
c:\users\shend\documents\mge-2016\tokamak_release\tokamaksrc\tmp\debug\collisionbody.sbr
c:\users\shend\documents\mge-2016\tokamak_release\tokamaksrc\tmp\debug\constraint.sbr
c:\users\shend\documents\mge-2016\tokamak_release\tokamaksrc\tmp\debug\cylinder.sbr
c:\users\shend\documents\mge-2016\tokamak_release\tokamaksrc\tmp\debug\dcd.sbr
c:\users\shend\documents\mge-2016\tokamak_release\tokamaksrc\tmp\debug\lines.sbr
c:\users\shend\documents\mge-2016\tokamak_release\tokamaksrc\tmp\debug\ne_interface.sbr
c:\users\shend\documents\mge-2016\tokamak_release\tokamaksrc\tmp\debug\perfwin32.sbr
c:\users\shend\documents\mge-2016\tokamak_release\tokamaksrc\tmp\debug\region.sbr
c:\users\shend\documents\mge-2016\tokamak_release\tokamaksrc\tmp\debug\restcontact.sbr
c:\users\shend\documents\mge-2016\tokamak_release\tokamaksrc\tmp\debug\rigidbody.sbr
c:\users\shend\documents\mge-2016\tokamak_release\tokamaksrc\tmp\debug\rigidbodybase.sbr
c:\users\shend\documents\mge-2016\tokamak_release\tokamaksrc\tmp\debug\scenery.sbr
c:\users\shend\documents\mge-2016\tokamak_release\tokamaksrc\tmp\debug\simulator.sbr
c:\users\shend\documents\mge-2016\tokamak_release\tokamaksrc\tmp\debug\solver.sbr
c:\users\shend\documents\mge-2016\tokamak_release\tokamaksrc\tmp\debug\sphere.sbr
c:\users\shend\documents\mge-2016\tokamak_release\tokamaksrc\tmp\debug\stack.sbr
c:\users\shend\documents\mge-2016\tokamak_release\tokamaksrc\tmp\debug\tricollision.sbr
c:\users\shend\documents\mge-2016\tokamak_release\tokamaksrc\tmp\debug\useopcode.sbr
c:\users\shend\documents\mge-2016\tokamak_release\tokamaksrc\tmp\debug\useopcode.obj
c:\users\shend\documents\mge-2016\tokamak_release\tokamaksrc\tmp\debug\tricollision.obj
c:\users\shend\documents\mge-2016\tokamak_release\tokamaksrc\tmp\debug\stack.obj
c:\users\shend\documents\mge-2016\tokamak_release\tokamaksrc\tmp\debug\sphere.obj
c:\users\shend\documents\mge-2016\tokamak_release\tokamaksrc\tmp\debug\solver.obj
c:\users\shend\documents\mge-2016\tokamak_release\tokamaksrc\tmp\debug\simulator.obj
c:\users\shend\documents\mge-2016\tokamak_release\tokamaksrc\tmp\debug\scenery.obj
c:\users\shend\documents\mge-2016\tokamak_release\tokamaksrc\tmp\debug\rigidbodybase.obj
c:\users\shend\documents\mge-2016\tokamak_release\tokamaksrc\tmp\debug\rigidbody.obj
c:\users\shend\documents\mge-2016\tokamak_release\tokamaksrc\tmp\debug\restcontact.obj
c:\users\shend\documents\mge-2016\tokamak_release\tokamaksrc\tmp\debug\region.obj
c:\users\shend\documents\mge-2016\tokamak_release\tokamaksrc\tmp\debug\perfwin32.obj
c:\users\shend\documents\mge-2016\tokamak_release\tokamaksrc\tmp\debug\ne_interface.obj
c:\users\shend\documents\mge-2016\tokamak_release\tokamaksrc\tmp\debug\lines.obj
c:\users\shend\documents\mge-2016\tokamak_release\tokamaksrc\tmp\debug\dcd.obj
c:\users\shend\documents\mge-2016\tokamak_release\tokamaksrc\tmp\debug\cylinder.obj
c:\users\shend\documents\mge-2016\tokamak_release\tokamaksrc\tmp\debug\constraint.obj
c:\users\shend\documents\mge-2016\tokamak_release\tokamaksrc\tmp\debug\collisionbody.obj
c:\users\shend\documents\mge-2016\tokamak_release\tokamaksrc\tmp\debug\collision.obj
c:\users\shend\documents\mge-2016\tokamak_release\tokamaksrc\tmp\debug\boxcylinder.obj
c:\users\shend\documents\mge-2016\tokamak_release\lib\tokamak_d.lib
c:\users\shend\documents\mge-2016\tokamak_release\tokamaksrc\tmp\debug\tokamak.tlog\bscmake.command.1.tlog
c:\users\shend\documents\mge-2016\tokamak_release\tokamaksrc\tmp\debug\tokamak.tlog\bscmake.read.1.tlog
c:\users\shend\documents\mge-2016\tokamak_release\tokamaksrc\tmp\debug\tokamak.tlog\bscmake.write.1.tlog
c:\users\shend\documents\mge-2016\tokamak_release\tokamaksrc\tmp\debug\tokamak.tlog\cl.command.1.tlog
c:\users\shend\documents\mge-2016\tokamak_release\tokamaksrc\tmp\debug\tokamak.tlog\cl.read.1.tlog
c:\users\shend\documents\mge-2016\tokamak_release\tokamaksrc\tmp\debug\tokamak.tlog\cl.write.1.tlog
c:\users\shend\documents\mge-2016\tokamak_release\tokamaksrc\tmp\debug\tokamak.tlog\lib-link.read.1.tlog
c:\users\shend\documents\mge-2016\tokamak_release\tokamaksrc\tmp\debug\tokamak.tlog\lib-link.write.1.tlog
c:\users\shend\documents\mge-2016\tokamak_release\tokamaksrc\tmp\debug\tokamak.tlog\lib.command.1.tlog
